2023-04-21 21:55:53,644 - auth - ERROR - Usuario admin@sushicat.com no encontrado
2023-04-21 22:46:25,991 - auth - DEBUG - Usuario admin@sushicat.com logueado como Administrador
2023-04-21 22:46:44,979 - auth - DEBUG - Usuario admin@sushicat.com cerró su sesión
2023-04-21 22:47:07,948 - auth - DEBUG - Usuario admin@sushicat.com logueado como Administrador
2023-04-21 22:47:11,296 - auth - DEBUG - Usuario admin@sushicat.com cerró su sesión
2023-04-22 00:01:08,321 - auth - DEBUG - Usuario admin@sushicat.com logueado como Administrador
2023-04-22 01:19:55,674 - auth - DEBUG - Usuario citla_med@hotmail logueado como Cliente
2023-04-22 01:31:17,143 - auth - DEBUG - Usuario citla_med@hotmail cerró su sesión
2023-04-22 02:43:53,584 - auth - DEBUG - Usuario citla_med@hotmail logueado como Cliente
2023-04-22 02:44:36,585 - auth - DEBUG - Usuario citla_med@hotmail cerró su sesión
2023-04-22 02:44:53,396 - auth - DEBUG - Usuario citla_med@hotmail logueado como Cliente
2023-04-22 08:04:49,042 - auth - DEBUG - Usuario citla_med@hotmail logueado como Cliente
2023-04-22 08:37:27,358 - auth - DEBUG - Usuario citla_med@hotmail logueado como Cliente
2023-04-22 08:42:10,798 - auth - DEBUG - Usuario citla_med@hotmail logueado como Cliente
2023-04-22 08:42:55,366 - auth - DEBUG - Usuario citla_med@hotmail logueado como Cliente
2023-04-22 08:45:21,801 - auth - DEBUG - Usuario citla_med@hotmail logueado como Cliente
2023-04-22 08:46:00,336 - auth - DEBUG - Usuario citla_med@hotmail cerró su sesión
2023-04-22 08:46:07,575 - auth - DEBUG - Usuario admin@sushicat.com logueado como Administrador
2023-04-22 08:48:01,850 - auth - DEBUG - Usuario admin@sushicat.com cerró su sesión
2023-04-22 09:01:09,340 - auth - DEBUG - Usuario citla_med@hotmail logueado como Cliente
2023-04-22 09:06:20,940 - auth - DEBUG - Usuario citla_med@hotmail logueado como Cliente
2023-04-22 09:11:59,573 - auth - DEBUG - Usuario admin@sushicat.com logueado como Administrador
2023-04-22 09:12:01,089 - auth - DEBUG - Usuario admin@sushicat.com cerró su sesión
2023-04-22 09:12:05,498 - auth - DEBUG - Usuario citla_med@hotmail logueado como Cliente
2023-04-22 09:13:02,471 - auth - DEBUG - Usuario citla_med@hotmail logueado como Cliente
2023-04-22 09:14:42,068 - auth - DEBUG - Usuario citla_med@hotmail logueado como Cliente
2023-04-22 09:15:53,495 - auth - DEBUG - Usuario citla_med@hotmail cerró su sesión
2023-04-22 09:16:01,610 - auth - DEBUG - Usuario admin@sushicat.com logueado como Administrador
2023-04-22 09:18:02,561 - auth - DEBUG - Usuario admin@sushicat.com cerró su sesión
2023-04-22 09:26:08,063 - auth - DEBUG - Usuario citla_med@hotmail logueado como Cliente
2023-04-22 09:31:04,273 - auth - DEBUG - Usuario citla_med@hotmail logueado como Cliente
2023-04-22 09:32:42,708 - auth - DEBUG - Usuario citla_med@hotmail cerró su sesión
2023-04-22 09:35:17,573 - auth - DEBUG - Usuario admin@sushicat.com logueado como Administrador
2023-04-22 09:37:25,716 - auth - DEBUG - Usuario admin@sushicat.com cerró su sesión
2023-04-22 09:46:17,360 - auth - DEBUG - Usuario citla_med@hotmail logueado como Cliente
2023-04-22 09:47:25,652 - auth - DEBUG - Usuario citla_med@hotmail logueado como Cliente
2023-04-22 09:49:17,089 - auth - DEBUG - Usuario citla_med@hotmail logueado como Cliente
2023-04-22 09:49:57,519 - auth - DEBUG - Usuario citla_med@hotmail cerró su sesión
2023-04-22 09:50:06,248 - auth - DEBUG - Usuario citla@gmail.com logueado como Vendedor
2023-04-22 09:50:17,429 - auth - DEBUG - Usuario citla@gmail.com cerró su sesión
2023-04-22 09:50:23,065 - auth - DEBUG - Usuario citla_med@hotmail logueado como Cliente
2023-04-22 09:50:59,164 - auth - DEBUG - Usuario citla_med@hotmail cerró su sesión
2023-04-22 09:51:04,110 - auth - DEBUG - Usuario admin@sushicat.com logueado como Administrador
2023-04-22 09:51:59,448 - auth - DEBUG - Usuario admin@sushicat.com cerró su sesión
2023-04-22 09:52:05,414 - auth - DEBUG - Usuario citla_med@hotmail logueado como Cliente
2023-04-22 10:00:34,549 - auth - DEBUG - Usuario citla_med@hotmail cerró su sesión
2023-04-22 10:00:45,334 - auth - ERROR - Usuario admin@sushicat.com no encontrado o la contraseña es incorrecta
2023-04-22 10:00:49,614 - auth - DEBUG - Usuario admin@sushicat.com logueado como Administrador
2023-04-22 10:02:24,484 - auth - DEBUG - Usuario admin@sushicat.com logueado como Administrador
2023-04-22 10:02:58,314 - auth - DEBUG - Usuario admin@sushicat.com logueado como Administrador
2023-04-22 11:42:29,369 - auth - DEBUG - Usuario admin@sushicat.com cerró su sesión
2023-04-22 11:57:41,892 - auth - DEBUG - Usuario cardiel@usuario.com registrado como Cliente
2023-04-22 11:57:55,072 - auth - DEBUG - Usuario cardiel@usuario.com logueado como Cliente
2023-04-22 12:01:30,445 - auth - DEBUG - Usuario cardiel@usuario.com cerró su sesión
2023-04-22 12:01:37,385 - auth - DEBUG - Usuario admin@sushicat.com logueado como Administrador
2023-04-22 12:02:57,535 - auth - DEBUG - Usuario admin@sushicat.com cerró su sesión
2023-04-22 12:03:08,905 - auth - DEBUG - Usuario citla@gmail.com logueado como Vendedor
2023-04-22 12:05:17,374 - auth - DEBUG - Usuario citla@gmail.com cerró su sesión
2023-04-22 12:05:22,601 - auth - DEBUG - Usuario admin@sushicat.com logueado como Administrador
2023-04-22 12:12:30,718 - auth - DEBUG - Usuario admin@sushicat.com cerró su sesión
2023-04-22 12:12:41,353 - auth - DEBUG - Usuario citla@gmail.com logueado como Vendedor
2023-04-22 12:13:50,311 - auth - DEBUG - Usuario citla@gmail.com cerró su sesión
2023-04-22 12:13:58,034 - auth - DEBUG - Usuario cardiel@usuario.com logueado como Cliente
2023-04-22 12:14:09,111 - auth - DEBUG - Usuario cardiel@usuario.com cerró su sesión
2023-04-22 12:14:14,891 - auth - DEBUG - Usuario admin@sushicat.com logueado como Administrador
2023-04-22 12:18:43,520 - auth - DEBUG - Usuario admin@sushicat.com cerró su sesión
2023-04-22 12:19:09,546 - auth - DEBUG - Usuario admin@sushicat.com logueado como Administrador
2023-04-22 12:20:59,416 - auth - DEBUG - Usuario admin@sushicat.com cerró su sesión
2023-04-22 12:22:35,693 - auth - DEBUG - Usuario alex@gmail.com logueado como Alamcenista
